Performing C SOURCE FILE Test CMAKE_HAVE_LIBC_PTHREAD failed with the following output:
Change Dir: /workspaces/robot-test/build/CMakeFiles/CMakeTmp

Run Build Command(s):/usr/bin/gmake cmTC_27765/fast && /usr/bin/gmake  -f CMakeFiles/cmTC_27765.dir/build.make CMakeFiles/cmTC_27765.dir/build
gmake[1]: Entering directory '/workspaces/robot-test/build/CMakeFiles/CMakeTmp'
Building C object CMakeFiles/cmTC_27765.dir/src.c.o
/bin/clang-12   -DCMAKE_HAVE_LIBC_PTHREAD -o CMakeFiles/cmTC_27765.dir/src.c.o -c /workspaces/robot-test/build/CMakeFiles/CMakeTmp/src.c
Linking C executable cmTC_27765
/usr/bin/cmake -E cmake_link_script CMakeFiles/cmTC_27765.dir/link.txt --verbose=1
/bin/clang-12  -DCMAKE_HAVE_LIBC_PTHREAD CMakeFiles/cmTC_27765.dir/src.c.o -o cmTC_27765 
/bin/ld: CMakeFiles/cmTC_27765.dir/src.c.o: in function `main':
src.c:(.text+0x35): undefined reference to `pthread_create'
/bin/ld: src.c:(.text+0x3e): undefined reference to `pthread_detach'
/bin/ld: src.c:(.text+0x47): undefined reference to `pthread_cancel'
/bin/ld: src.c:(.text+0x54): undefined reference to `pthread_join'
clang: error: linker command failed with exit code 1 (use -v to see invocation)
gmake[1]: *** [CMakeFiles/cmTC_27765.dir/build.make:106: cmTC_27765] Error 1
gmake[1]: Leaving directory '/workspaces/robot-test/build/CMakeFiles/CMakeTmp'
gmake: *** [Makefile:140: cmTC_27765/fast] Error 2


Source file was:
#include <pthread.h>

void* test_func(void* data)
{
  return data;
}

int main(void)
{
  pthread_t thread;
  pthread_create(&thread, NULL, test_func, NULL);
  pthread_detach(thread);
  pthread_cancel(thread);
  pthread_join(thread, NULL);
  pthread_atfork(NULL, NULL, NULL);
  pthread_exit(NULL);

  return 0;
}

Determining if the function pthread_create exists in the pthreads failed with the following output:
Change Dir: /workspaces/robot-test/build/CMakeFiles/CMakeTmp

Run Build Command(s):/usr/bin/gmake cmTC_f852b/fast && /usr/bin/gmake  -f CMakeFiles/cmTC_f852b.dir/build.make CMakeFiles/cmTC_f852b.dir/build
gmake[1]: Entering directory '/workspaces/robot-test/build/CMakeFiles/CMakeTmp'
Building C object CMakeFiles/cmTC_f852b.dir/CheckFunctionExists.c.o
/bin/clang-12   -DCHECK_FUNCTION_EXISTS=pthread_create -o CMakeFiles/cmTC_f852b.dir/CheckFunctionExists.c.o -c /usr/share/cmake-3.18/Modules/CheckFunctionExists.c
Linking C executable cmTC_f852b
/usr/bin/cmake -E cmake_link_script CMakeFiles/cmTC_f852b.dir/link.txt --verbose=1
/bin/clang-12  -DCHECK_FUNCTION_EXISTS=pthread_create CMakeFiles/cmTC_f852b.dir/CheckFunctionExists.c.o -o cmTC_f852b  -lpthreads 
/bin/ld: cannot find -lpthreads
clang: error: linker command failed with exit code 1 (use -v to see invocation)
gmake[1]: *** [CMakeFiles/cmTC_f852b.dir/build.make:106: cmTC_f852b] Error 1
gmake[1]: Leaving directory '/workspaces/robot-test/build/CMakeFiles/CMakeTmp'
gmake: *** [Makefile:140: cmTC_f852b/fast] Error 2



